<?xml version="1.0" encoding="UTF-8"?>
<!-- Generated by org.testng.reporters.JUnitReportReporter -->
<testsuite skipped="0" hostname="DESKTOP-0370IF7" name="com.training.sanity.tests.ELTC014Generatepasswordtest" tests="1" failures="0" timestamp="2019-09-05T15:55:20 IST" time="226.948" errors="0">
  <testcase name="validLoginTest" time="226.948" classname="com.training.sanity.tests.ELTC014Generatepasswordtest"/>
</testsuite> <!-- com.training.sanity.tests.ELTC014Generatepasswordtest -->
