<?xml version="1.0" encoding="UTF-8"?>
<!-- Generated by org.testng.reporters.JUnitReportReporter -->
<testsuite skipped="0" hostname="DESKTOP-0370IF7" name="com.training.sanity.tests.ELTC013Editprofiletest" tests="1" failures="0" timestamp="2019-09-05T10:45:42 IST" time="103.760" errors="0">
  <testcase name="validLoginTest" time="103.760" classname="com.training.sanity.tests.ELTC013Editprofiletest"/>
</testsuite> <!-- com.training.sanity.tests.ELTC013Editprofiletest -->
