<?xml version="1.0" encoding="UTF-8"?>
<!-- Generated by org.testng.reporters.JUnitReportReporter -->
<testsuite skipped="0" hostname="DESKTOP-0370IF7" name="com.training.sanity.tests.RTC042AddPosttest" tests="1" failures="0" timestamp="2019-09-17T11:56:29 IST" time="96.290" errors="0">
  <testcase name="addPostValidateTest" time="96.290" classname="com.training.sanity.tests.RTC042AddPosttest"/>
</testsuite> <!-- com.training.sanity.tests.RTC042AddPosttest -->
