<?xml version="1.0" encoding="UTF-8"?>
<!-- Generated by org.testng.reporters.JUnitReportReporter -->
<testsuite skipped="0" hostname="DESKTOP-0370IF7" name="com.training.sanity.tests.RTC012Lostpasswordtest" tests="1" failures="0" timestamp="2019-09-09T14:43:38 IST" time="224.010" errors="0">
  <testcase name="validLoginTest" time="224.010" classname="com.training.sanity.tests.RTC012Lostpasswordtest"/>
</testsuite> <!-- com.training.sanity.tests.RTC012Lostpasswordtest -->
