<?xml version="1.0" encoding="UTF-8"?>
<!-- Generated by org.testng.reporters.JUnitReportReporter -->
<testsuite skipped="0" hostname="DESKTOP-0370IF7" name="com.training.sanity.tests.RTC043Addpropertytest" tests="1" failures="0" timestamp="2019-09-18T13:07:40 IST" time="51.037" errors="0">
  <testcase name="addPostvalidateTest" time="51.037" classname="com.training.sanity.tests.RTC043Addpropertytest"/>
</testsuite> <!-- com.training.sanity.tests.RTC043Addpropertytest -->
