<?xml version="1.0" encoding="UTF-8"?>
<!-- Generated by org.testng.reporters.JUnitReportReporter -->
<testsuite skipped="0" hostname="DESKTOP-0370IF7" name="com.training.sanity.tests.RTC045Regionstest" tests="1" failures="0" timestamp="2019-09-17T17:35:51 IST" time="444.171" errors="0">
  <testcase name="addPostValidateTest" time="444.171" classname="com.training.sanity.tests.RTC045Regionstest"/>
</testsuite> <!-- com.training.sanity.tests.RTC045Regionstest -->
