<?xml version="1.0" encoding="UTF-8"?>
<!-- Generated by org.testng.reporters.JUnitReportReporter -->
<testsuite skipped="0" hostname="DESKTOP-0370IF7" name="com.training.sanity.tests.ELTC015LogoutTest" tests="1" failures="0" timestamp="2019-09-06T15:47:15 IST" time="91.462" errors="0">
  <testcase name="validLoginTest" time="91.462" classname="com.training.sanity.tests.ELTC015LogoutTest"/>
</testsuite> <!-- com.training.sanity.tests.ELTC015LogoutTest -->
