<?xml version="1.0" encoding="UTF-8"?>
<!-- Generated by org.testng.reporters.JUnitReportReporter -->
<testsuite skipped="0" hostname="DESKTOP-0370IF7" name="com.training.sanity.tests.ELTC011LoginTest" tests="1" failures="0" timestamp="2019-09-05T15:32:30 IST" time="180.737" errors="0">
  <testcase name="validLoginTest" time="180.737" classname="com.training.sanity.tests.ELTC011LoginTest"/>
</testsuite> <!-- com.training.sanity.tests.ELTC011LoginTest -->
