<?xml version="1.0" encoding="UTF-8"?>
<!-- Generated by org.testng.reporters.JUnitReportReporter -->
<testsuite skipped="0" hostname="DESKTOP-0370IF7" name="com.training.sanity.tests.RTC011LoginTest" tests="1" failures="0" timestamp="2019-09-09T13:23:44 IST" time="186.795" errors="0">
  <testcase name="validLoginTest" time="186.795" classname="com.training.sanity.tests.RTC011LoginTest"/>
</testsuite> <!-- com.training.sanity.tests.RTC011LoginTest -->
