<?xml version="1.0" encoding="UTF-8"?>
<!-- Generated by org.testng.reporters.JUnitReportReporter -->
<testsuite skipped="0" hostname="DESKTOP-0370IF7" name="com.training.sanity.tests.RTC044Featurestest" tests="1" failures="0" timestamp="2019-09-17T16:40:06 IST" time="80.869" errors="0">
  <testcase name="addPostValidateTest" time="80.869" classname="com.training.sanity.tests.RTC044Featurestest"/>
</testsuite> <!-- com.training.sanity.tests.RTC044Featurestest -->
